This is e-pTeX, Version 3.14159265-p3.4-130605-2.6 (utf8.sjis) (TeX Live 2013/W32TeX) (preloaded format=platex 2014.3.26)  10 DEC 2014 17:44
entering extended mode
 restricted \write18 enabled.
 %&-line parsing enabled.
**kakunin.tex
(./kakunin.tex
pLaTeX2e <2006/11/10> (based on LaTeX2e <2011/06/27> patch level 0)
Babel <3.9k> and hyphenation patterns for 78 languages loaded.
! Undefined control sequence.
l.3 \section
            {HUBの最小構成について考察(×)}
? 
! Emergency stop.
l.3 \section
            {HUBの最小構成について考察(×)}
End of file on the terminal!

 
Here is how much of TeX's memory you used:
 5 strings out of 493813
 49 string characters out of 6153871
 53140 words of memory out of 5000000
 3568 multiletter control sequences out of 15000+600000
 7519 words of font info for 31 fonts, out of 8000000 for 9000
 929 hyphenation exceptions out of 8191
 5i,0n,1p,53b,8s stack positions out of 5000i,500n,10000p,500000b,80000s
No pages of output.
