This is e-pTeX, Version 3.14159265-p3.4-130605-2.6 (utf8.sjis) (TeX Live 2013/W32TeX) (preloaded format=platex 2014.3.26)  5 JAN 2015 17:54
entering extended mode
 restricted \write18 enabled.
 %&-line parsing enabled.
**tokutei.tex
(./tokutei.tex
pLaTeX2e <2006/11/10> (based on LaTeX2e <2011/06/27> patch level 0)
Babel <3.9k> and hyphenation patterns for 78 languages loaded.

! LaTeX Error: Missing \begin{document}.

See the LaTeX manual or LaTeX Companion for explanation.
Type  H <return>  for immediate help.
 ...                                              
                                                  
l.2 モ
      ード変換が起きていると疑われる箇所についてモデル化し、等価回路を解いた...

? 
! Emergency stop.
 ...                                              
                                                  
l.2 モ
      ード変換が起きていると疑われる箇所についてモデル化し、等価回路を解いた...

You're in trouble here.  Try typing  <return>  to proceed.
If that doesn't work, type  X <return>  to quit.

 
Here is how much of TeX's memory you used:
 6 strings out of 493813
 182 string characters out of 6153871
 53140 words of memory out of 5000000
 3568 multiletter control sequences out of 15000+600000
 7519 words of font info for 31 fonts, out of 8000000 for 9000
 929 hyphenation exceptions out of 8191
 5i,0n,4p,138b,14s stack positions out of 5000i,500n,10000p,500000b,80000s
No pages of output.
